[2026-01-31T06:55:32.924+0000] {manager.py:470} INFO - Processing files using up to 2 processes at a time 
[2026-01-31T06:55:32.925+0000] {manager.py:471} INFO - Process each file at most once every 30 seconds
[2026-01-31T06:55:32.926+0000] {manager.py:472} INFO - Checking for new files in /opt/airflow/dags every 300 seconds
[2026-01-31T06:55:32.927+0000] {manager.py:737} INFO - Searching for files in /opt/airflow/dags
[2026-01-31T06:55:32.929+0000] {manager.py:740} INFO - There are 0 files in /opt/airflow/dags
[2026-01-31T06:58:19.562+0000] {manager.py:452} INFO - Exiting gracefully upon receiving signal 15
[2026-01-31T06:59:04.271+0000] {manager.py:470} INFO - Processing files using up to 2 processes at a time 
[2026-01-31T06:59:04.272+0000] {manager.py:471} INFO - Process each file at most once every 30 seconds
[2026-01-31T06:59:04.272+0000] {manager.py:472} INFO - Checking for new files in /opt/airflow/dags every 300 seconds
[2026-01-31T06:59:04.273+0000] {manager.py:737} INFO - Searching for files in /opt/airflow/dags
[2026-01-31T06:59:04.286+0000] {manager.py:740} INFO - There are 1 files in /opt/airflow/dags
[2026-01-31T06:59:04.434+0000] {manager.py:878} INFO - 
================================================================================
DAG File Processing Stats

File Path                                  PID  Runtime      # DAGs    # Errors  Last Runtime    Last Run
---------------------------------------  -----  ---------  --------  ----------  --------------  ----------
/opt/airflow/dags/pets_json_to_table.py     33  0.04s             0           0
================================================================================
[2026-01-31T06:59:34.571+0000] {manager.py:878} INFO - 
================================================================================
DAG File Processing Stats

File Path                                  PID  Runtime      # DAGs    # Errors  Last Runtime    Last Run
---------------------------------------  -----  ---------  --------  ----------  --------------  -------------------
/opt/airflow/dags/pets_json_to_table.py     85  0.00s             1           0  0.12s           2026-01-31T06:59:04
================================================================================
[2026-01-31T07:00:04.736+0000] {manager.py:878} INFO - 
================================================================================
DAG File Processing Stats

File Path                                PID    Runtime      # DAGs    # Errors  Last Runtime    Last Run
---------------------------------------  -----  ---------  --------  ----------  --------------  -------------------
/opt/airflow/dags/pets_json_to_table.py                           1           0  0.25s           2026-01-31T06:59:34
================================================================================
[2026-01-31T07:00:35.082+0000] {manager.py:878} INFO - 
================================================================================
DAG File Processing Stats

File Path                                  PID  Runtime      # DAGs    # Errors  Last Runtime    Last Run
---------------------------------------  -----  ---------  --------  ----------  --------------  -------------------
/opt/airflow/dags/pets_json_to_table.py     87  0.00s             1           0  0.10s           2026-01-31T07:00:05
================================================================================
[2026-01-31T07:01:05.298+0000] {manager.py:878} INFO - 
================================================================================
DAG File Processing Stats

File Path                                  PID  Runtime      # DAGs    # Errors  Last Runtime    Last Run
---------------------------------------  -----  ---------  --------  ----------  --------------  -------------------
/opt/airflow/dags/pets_json_to_table.py     88  0.00s             1           0  0.10s           2026-01-31T07:00:35
================================================================================
[2026-01-31T07:01:35.576+0000] {manager.py:878} INFO - 
================================================================================
DAG File Processing Stats

File Path                                PID    Runtime      # DAGs    # Errors  Last Runtime    Last Run
---------------------------------------  -----  ---------  --------  ----------  --------------  -------------------
/opt/airflow/dags/pets_json_to_table.py                           1           0  0.11s           2026-01-31T07:01:34
================================================================================
[2026-01-31T07:02:05.840+0000] {manager.py:878} INFO - 
================================================================================
DAG File Processing Stats

File Path                                PID    Runtime      # DAGs    # Errors  Last Runtime    Last Run
---------------------------------------  -----  ---------  --------  ----------  --------------  -------------------
/opt/airflow/dags/pets_json_to_table.py                           1           0  0.11s           2026-01-31T07:01:45
================================================================================
[2026-01-31T07:02:36.052+0000] {manager.py:878} INFO - 
================================================================================
DAG File Processing Stats

File Path                                PID    Runtime      # DAGs    # Errors  Last Runtime    Last Run
---------------------------------------  -----  ---------  --------  ----------  --------------  -------------------
/opt/airflow/dags/pets_json_to_table.py                           1           0  0.11s           2026-01-31T07:02:16
================================================================================
[2026-01-31T07:03:06.199+0000] {manager.py:878} INFO - 
================================================================================
DAG File Processing Stats

File Path                                PID    Runtime      # DAGs    # Errors  Last Runtime    Last Run
---------------------------------------  -----  ---------  --------  ----------  --------------  -------------------
/opt/airflow/dags/pets_json_to_table.py                           1           0  0.10s           2026-01-31T07:02:46
================================================================================
[2026-01-31T07:03:36.390+0000] {manager.py:878} INFO - 
================================================================================
DAG File Processing Stats

File Path                                PID    Runtime      # DAGs    # Errors  Last Runtime    Last Run
---------------------------------------  -----  ---------  --------  ----------  --------------  -------------------
/opt/airflow/dags/pets_json_to_table.py                           1           0  0.10s           2026-01-31T07:03:16
================================================================================
[2026-01-31T07:04:04.533+0000] {manager.py:737} INFO - Searching for files in /opt/airflow/dags
[2026-01-31T07:04:04.548+0000] {manager.py:740} INFO - There are 1 files in /opt/airflow/dags
[2026-01-31T07:04:06.567+0000] {manager.py:878} INFO - 
================================================================================
DAG File Processing Stats

File Path                                PID    Runtime      # DAGs    # Errors  Last Runtime    Last Run
---------------------------------------  -----  ---------  --------  ----------  --------------  -------------------
/opt/airflow/dags/pets_json_to_table.py                           1           0  0.10s           2026-01-31T07:03:46
================================================================================
[2026-01-31T07:04:36.740+0000] {manager.py:878} INFO - 
================================================================================
DAG File Processing Stats

File Path                                PID    Runtime      # DAGs    # Errors  Last Runtime    Last Run
---------------------------------------  -----  ---------  --------  ----------  --------------  -------------------
/opt/airflow/dags/pets_json_to_table.py                           1           0  0.10s           2026-01-31T07:04:16
================================================================================
[2026-01-31T07:05:06.900+0000] {manager.py:878} INFO - 
================================================================================
DAG File Processing Stats

File Path                                PID    Runtime      # DAGs    # Errors  Last Runtime    Last Run
---------------------------------------  -----  ---------  --------  ----------  --------------  -------------------
/opt/airflow/dags/pets_json_to_table.py                           1           0  0.10s           2026-01-31T07:04:46
================================================================================
[2026-01-31T07:05:37.090+0000] {manager.py:878} INFO - 
================================================================================
DAG File Processing Stats

File Path                                PID    Runtime      # DAGs    # Errors  Last Runtime    Last Run
---------------------------------------  -----  ---------  --------  ----------  --------------  -------------------
/opt/airflow/dags/pets_json_to_table.py                           1           0  0.10s           2026-01-31T07:05:17
================================================================================
[2026-01-31T07:06:07.235+0000] {manager.py:878} INFO - 
================================================================================
DAG File Processing Stats

File Path                                PID    Runtime      # DAGs    # Errors  Last Runtime    Last Run
---------------------------------------  -----  ---------  --------  ----------  --------------  -------------------
/opt/airflow/dags/pets_json_to_table.py                           1           0  0.10s           2026-01-31T07:05:47
================================================================================
[2026-01-31T07:06:37.428+0000] {manager.py:878} INFO - 
================================================================================
DAG File Processing Stats

File Path                                PID    Runtime      # DAGs    # Errors  Last Runtime    Last Run
---------------------------------------  -----  ---------  --------  ----------  --------------  -------------------
/opt/airflow/dags/pets_json_to_table.py                           1           0  0.10s           2026-01-31T07:06:17
================================================================================
[2026-01-31T07:07:07.579+0000] {manager.py:878} INFO - 
================================================================================
DAG File Processing Stats

File Path                                PID    Runtime      # DAGs    # Errors  Last Runtime    Last Run
---------------------------------------  -----  ---------  --------  ----------  --------------  -------------------
/opt/airflow/dags/pets_json_to_table.py                           1           0  0.10s           2026-01-31T07:06:47
================================================================================
[2026-01-31T07:07:37.764+0000] {manager.py:878} INFO - 
================================================================================
DAG File Processing Stats

File Path                                PID    Runtime      # DAGs    # Errors  Last Runtime    Last Run
---------------------------------------  -----  ---------  --------  ----------  --------------  -------------------
/opt/airflow/dags/pets_json_to_table.py                           1           0  0.10s           2026-01-31T07:07:17
================================================================================
[2026-01-31T07:08:07.914+0000] {manager.py:878} INFO - 
================================================================================
DAG File Processing Stats

File Path                                PID    Runtime      # DAGs    # Errors  Last Runtime    Last Run
---------------------------------------  -----  ---------  --------  ----------  --------------  -------------------
/opt/airflow/dags/pets_json_to_table.py                           1           0  0.10s           2026-01-31T07:07:47
================================================================================
[2026-01-31T07:08:38.099+0000] {manager.py:878} INFO - 
================================================================================
DAG File Processing Stats

File Path                                PID    Runtime      # DAGs    # Errors  Last Runtime    Last Run
---------------------------------------  -----  ---------  --------  ----------  --------------  -------------------
/opt/airflow/dags/pets_json_to_table.py                           1           0  0.10s           2026-01-31T07:08:18
================================================================================
[2026-01-31T07:09:05.236+0000] {manager.py:737} INFO - Searching for files in /opt/airflow/dags
[2026-01-31T07:09:05.252+0000] {manager.py:740} INFO - There are 1 files in /opt/airflow/dags
[2026-01-31T07:09:08.275+0000] {manager.py:878} INFO - 
================================================================================
DAG File Processing Stats

File Path                                PID    Runtime      # DAGs    # Errors  Last Runtime    Last Run
---------------------------------------  -----  ---------  --------  ----------  --------------  -------------------
/opt/airflow/dags/pets_json_to_table.py                           1           0  0.09s           2026-01-31T07:08:48
================================================================================
[2026-01-31T07:09:38.431+0000] {manager.py:878} INFO - 
================================================================================
DAG File Processing Stats

File Path                                PID    Runtime      # DAGs    # Errors  Last Runtime    Last Run
---------------------------------------  -----  ---------  --------  ----------  --------------  -------------------
/opt/airflow/dags/pets_json_to_table.py                           1           0  0.10s           2026-01-31T07:09:18
================================================================================
[2026-01-31T07:10:08.631+0000] {manager.py:878} INFO - 
================================================================================
DAG File Processing Stats

File Path                                PID    Runtime      # DAGs    # Errors  Last Runtime    Last Run
---------------------------------------  -----  ---------  --------  ----------  --------------  -------------------
/opt/airflow/dags/pets_json_to_table.py                           1           0  0.10s           2026-01-31T07:09:48
================================================================================
[2026-01-31T07:10:38.785+0000] {manager.py:878} INFO - 
================================================================================
DAG File Processing Stats

File Path                                PID    Runtime      # DAGs    # Errors  Last Runtime    Last Run
---------------------------------------  -----  ---------  --------  ----------  --------------  -------------------
/opt/airflow/dags/pets_json_to_table.py                           1           0  0.11s           2026-01-31T07:10:18
================================================================================
[2026-01-31T07:11:08.983+0000] {manager.py:878} INFO - 
================================================================================
DAG File Processing Stats

File Path                                PID    Runtime      # DAGs    # Errors  Last Runtime    Last Run
---------------------------------------  -----  ---------  --------  ----------  --------------  -------------------
/opt/airflow/dags/pets_json_to_table.py                           1           0  0.10s           2026-01-31T07:10:48
================================================================================
[2026-01-31T07:11:39.131+0000] {manager.py:878} INFO - 
================================================================================
DAG File Processing Stats

File Path                                PID    Runtime      # DAGs    # Errors  Last Runtime    Last Run
---------------------------------------  -----  ---------  --------  ----------  --------------  -------------------
/opt/airflow/dags/pets_json_to_table.py                           1           0  0.11s           2026-01-31T07:11:19
================================================================================
[2026-01-31T07:12:09.339+0000] {manager.py:878} INFO - 
================================================================================
DAG File Processing Stats

File Path                                PID    Runtime      # DAGs    # Errors  Last Runtime    Last Run
---------------------------------------  -----  ---------  --------  ----------  --------------  -------------------
/opt/airflow/dags/pets_json_to_table.py                           1           0  0.10s           2026-01-31T07:11:49
================================================================================
[2026-01-31T07:12:39.494+0000] {manager.py:878} INFO - 
================================================================================
DAG File Processing Stats

File Path                                PID    Runtime      # DAGs    # Errors  Last Runtime    Last Run
---------------------------------------  -----  ---------  --------  ----------  --------------  -------------------
/opt/airflow/dags/pets_json_to_table.py                           1           0  0.10s           2026-01-31T07:12:19
================================================================================
[2026-01-31T07:13:09.681+0000] {manager.py:878} INFO - 
================================================================================
DAG File Processing Stats

File Path                                PID    Runtime      # DAGs    # Errors  Last Runtime    Last Run
---------------------------------------  -----  ---------  --------  ----------  --------------  -------------------
/opt/airflow/dags/pets_json_to_table.py                           1           0  0.10s           2026-01-31T07:12:49
================================================================================
[2026-01-31T07:13:39.831+0000] {manager.py:878} INFO - 
================================================================================
DAG File Processing Stats

File Path                                PID    Runtime      # DAGs    # Errors  Last Runtime    Last Run
---------------------------------------  -----  ---------  --------  ----------  --------------  -------------------
/opt/airflow/dags/pets_json_to_table.py                           1           0  0.10s           2026-01-31T07:13:19
================================================================================
[2026-01-31T07:14:06.002+0000] {manager.py:737} INFO - Searching for files in /opt/airflow/dags
[2026-01-31T07:14:06.017+0000] {manager.py:740} INFO - There are 1 files in /opt/airflow/dags
[2026-01-31T07:14:10.044+0000] {manager.py:878} INFO - 
================================================================================
DAG File Processing Stats

File Path                                PID    Runtime      # DAGs    # Errors  Last Runtime    Last Run
---------------------------------------  -----  ---------  --------  ----------  --------------  -------------------
/opt/airflow/dags/pets_json_to_table.py                           1           0  0.10s           2026-01-31T07:13:49
================================================================================
[2026-01-31T07:14:40.194+0000] {manager.py:878} INFO - 
================================================================================
DAG File Processing Stats

File Path                                PID    Runtime      # DAGs    # Errors  Last Runtime    Last Run
---------------------------------------  -----  ---------  --------  ----------  --------------  -------------------
/opt/airflow/dags/pets_json_to_table.py                           1           0  0.10s           2026-01-31T07:14:20
================================================================================
[2026-01-31T07:15:10.387+0000] {manager.py:878} INFO - 
================================================================================
DAG File Processing Stats

File Path                                PID    Runtime      # DAGs    # Errors  Last Runtime    Last Run
---------------------------------------  -----  ---------  --------  ----------  --------------  -------------------
/opt/airflow/dags/pets_json_to_table.py                           1           0  0.10s           2026-01-31T07:14:50
================================================================================
[2026-01-31T07:15:40.539+0000] {manager.py:878} INFO - 
================================================================================
DAG File Processing Stats

File Path                                PID    Runtime      # DAGs    # Errors  Last Runtime    Last Run
---------------------------------------  -----  ---------  --------  ----------  --------------  -------------------
/opt/airflow/dags/pets_json_to_table.py                           1           0  0.09s           2026-01-31T07:15:20
================================================================================
[2026-01-31T07:16:10.721+0000] {manager.py:878} INFO - 
================================================================================
DAG File Processing Stats

File Path                                PID    Runtime      # DAGs    # Errors  Last Runtime    Last Run
---------------------------------------  -----  ---------  --------  ----------  --------------  -------------------
/opt/airflow/dags/pets_json_to_table.py                           1           0  0.10s           2026-01-31T07:15:50
================================================================================
[2026-01-31T07:16:40.866+0000] {manager.py:878} INFO - 
================================================================================
DAG File Processing Stats

File Path                                PID    Runtime      # DAGs    # Errors  Last Runtime    Last Run
---------------------------------------  -----  ---------  --------  ----------  --------------  -------------------
/opt/airflow/dags/pets_json_to_table.py                           1           0  0.10s           2026-01-31T07:16:20
================================================================================
[2026-01-31T07:17:11.279+0000] {manager.py:878} INFO - 
================================================================================
DAG File Processing Stats

File Path                                  PID  Runtime      # DAGs    # Errors  Last Runtime    Last Run
---------------------------------------  -----  ---------  --------  ----------  --------------  -------------------
/opt/airflow/dags/pets_json_to_table.py    126  0.00s             1           0  0.12s           2026-01-31T07:17:04
================================================================================
[2026-01-31T07:17:41.765+0000] {manager.py:878} INFO - 
================================================================================
DAG File Processing Stats

File Path                                PID    Runtime      # DAGs    # Errors  Last Runtime    Last Run
---------------------------------------  -----  ---------  --------  ----------  --------------  -------------------
/opt/airflow/dags/pets_json_to_table.py                           1           0  0.10s           2026-01-31T07:17:31
================================================================================
[2026-01-31T07:18:11.965+0000] {manager.py:878} INFO - 
================================================================================
DAG File Processing Stats

File Path                                PID    Runtime      # DAGs    # Errors  Last Runtime    Last Run
---------------------------------------  -----  ---------  --------  ----------  --------------  -------------------
/opt/airflow/dags/pets_json_to_table.py                           1           0  0.16s           2026-01-31T07:18:02
================================================================================
[2026-01-31T07:18:42.177+0000] {manager.py:878} INFO - 
================================================================================
DAG File Processing Stats

File Path                                PID    Runtime      # DAGs    # Errors  Last Runtime    Last Run
---------------------------------------  -----  ---------  --------  ----------  --------------  -------------------
/opt/airflow/dags/pets_json_to_table.py                           1           0  0.10s           2026-01-31T07:18:32
================================================================================
[2026-01-31T07:18:54.256+0000] {manager.py:452} INFO - Exiting gracefully upon receiving signal 15
