[2026-01-31T06:59:04.416+0000] {processor.py:161} INFO - Started process (PID=33) to work on /opt/airflow/dags/pets_json_to_table.py
[2026-01-31T06:59:04.417+0000] {processor.py:830} INFO - Processing file /opt/airflow/dags/pets_json_to_table.py for tasks to queue
[2026-01-31T06:59:04.418+0000] {logging_mixin.py:188} INFO - [2026-01-31T06:59:04.418+0000] {dagbag.py:545} INFO - Filling up the DagBag from /opt/airflow/dags/pets_json_to_table.py
[2026-01-31T06:59:04.442+0000] {processor.py:840} INFO - DAG(s) 'pets_json_to_table' retrieved from /opt/airflow/dags/pets_json_to_table.py
[2026-01-31T06:59:04.470+0000] {logging_mixin.py:188} INFO - [2026-01-31T06:59:04.470+0000] {dag.py:3089} INFO - Sync 1 DAGs
[2026-01-31T06:59:04.491+0000] {logging_mixin.py:188} INFO - [2026-01-31T06:59:04.491+0000] {dag.py:3947} INFO - Setting next_dagrun for pets_json_to_table to None, run_after=None
[2026-01-31T06:59:04.510+0000] {processor.py:183} INFO - Processing /opt/airflow/dags/pets_json_to_table.py took 0.100 seconds
[2026-01-31T06:59:34.583+0000] {processor.py:161} INFO - Started process (PID=85) to work on /opt/airflow/dags/pets_json_to_table.py
[2026-01-31T06:59:34.584+0000] {processor.py:830} INFO - Processing file /opt/airflow/dags/pets_json_to_table.py for tasks to queue
[2026-01-31T06:59:34.585+0000] {logging_mixin.py:188} INFO - [2026-01-31T06:59:34.585+0000] {dagbag.py:545} INFO - Filling up the DagBag from /opt/airflow/dags/pets_json_to_table.py
[2026-01-31T06:59:34.599+0000] {processor.py:840} INFO - DAG(s) 'pets_json_to_table' retrieved from /opt/airflow/dags/pets_json_to_table.py
[2026-01-31T06:59:34.784+0000] {logging_mixin.py:188} INFO - [2026-01-31T06:59:34.784+0000] {dag.py:3089} INFO - Sync 1 DAGs
[2026-01-31T06:59:34.799+0000] {logging_mixin.py:188} INFO - [2026-01-31T06:59:34.799+0000] {dag.py:3947} INFO - Setting next_dagrun for pets_json_to_table to None, run_after=None
[2026-01-31T06:59:34.814+0000] {processor.py:183} INFO - Processing /opt/airflow/dags/pets_json_to_table.py took 0.236 seconds
[2026-01-31T07:00:04.957+0000] {processor.py:161} INFO - Started process (PID=86) to work on /opt/airflow/dags/pets_json_to_table.py
[2026-01-31T07:00:04.958+0000] {processor.py:830} INFO - Processing file /opt/airflow/dags/pets_json_to_table.py for tasks to queue
[2026-01-31T07:00:04.959+0000] {logging_mixin.py:188} INFO - [2026-01-31T07:00:04.959+0000] {dagbag.py:545} INFO - Filling up the DagBag from /opt/airflow/dags/pets_json_to_table.py
[2026-01-31T07:00:04.974+0000] {processor.py:840} INFO - DAG(s) 'pets_json_to_table' retrieved from /opt/airflow/dags/pets_json_to_table.py
[2026-01-31T07:00:05.001+0000] {logging_mixin.py:188} INFO - [2026-01-31T07:00:05.001+0000] {dag.py:3089} INFO - Sync 1 DAGs
[2026-01-31T07:00:05.022+0000] {logging_mixin.py:188} INFO - [2026-01-31T07:00:05.021+0000] {dag.py:3947} INFO - Setting next_dagrun for pets_json_to_table to None, run_after=None
[2026-01-31T07:00:05.039+0000] {processor.py:183} INFO - Processing /opt/airflow/dags/pets_json_to_table.py took 0.087 seconds
[2026-01-31T07:00:35.094+0000] {processor.py:161} INFO - Started process (PID=87) to work on /opt/airflow/dags/pets_json_to_table.py
[2026-01-31T07:00:35.095+0000] {processor.py:830} INFO - Processing file /opt/airflow/dags/pets_json_to_table.py for tasks to queue
[2026-01-31T07:00:35.097+0000] {logging_mixin.py:188} INFO - [2026-01-31T07:00:35.096+0000] {dagbag.py:545} INFO - Filling up the DagBag from /opt/airflow/dags/pets_json_to_table.py
[2026-01-31T07:00:35.111+0000] {processor.py:840} INFO - DAG(s) 'pets_json_to_table' retrieved from /opt/airflow/dags/pets_json_to_table.py
[2026-01-31T07:00:35.137+0000] {logging_mixin.py:188} INFO - [2026-01-31T07:00:35.137+0000] {dag.py:3089} INFO - Sync 1 DAGs
[2026-01-31T07:00:35.155+0000] {logging_mixin.py:188} INFO - [2026-01-31T07:00:35.155+0000] {dag.py:3947} INFO - Setting next_dagrun for pets_json_to_table to None, run_after=None
[2026-01-31T07:00:35.171+0000] {processor.py:183} INFO - Processing /opt/airflow/dags/pets_json_to_table.py took 0.082 seconds
[2026-01-31T07:01:05.309+0000] {processor.py:161} INFO - Started process (PID=88) to work on /opt/airflow/dags/pets_json_to_table.py
[2026-01-31T07:01:05.310+0000] {processor.py:830} INFO - Processing file /opt/airflow/dags/pets_json_to_table.py for tasks to queue
[2026-01-31T07:01:05.311+0000] {logging_mixin.py:188} INFO - [2026-01-31T07:01:05.311+0000] {dagbag.py:545} INFO - Filling up the DagBag from /opt/airflow/dags/pets_json_to_table.py
[2026-01-31T07:01:05.325+0000] {processor.py:840} INFO - DAG(s) 'pets_json_to_table' retrieved from /opt/airflow/dags/pets_json_to_table.py
[2026-01-31T07:01:05.352+0000] {logging_mixin.py:188} INFO - [2026-01-31T07:01:05.352+0000] {dag.py:3089} INFO - Sync 1 DAGs
[2026-01-31T07:01:05.370+0000] {logging_mixin.py:188} INFO - [2026-01-31T07:01:05.370+0000] {dag.py:3947} INFO - Setting next_dagrun for pets_json_to_table to None, run_after=None
[2026-01-31T07:01:05.387+0000] {processor.py:183} INFO - Processing /opt/airflow/dags/pets_json_to_table.py took 0.082 seconds
[2026-01-31T07:01:29.437+0000] {processor.py:161} INFO - Started process (PID=89) to work on /opt/airflow/dags/pets_json_to_table.py
[2026-01-31T07:01:29.438+0000] {processor.py:830} INFO - Processing file /opt/airflow/dags/pets_json_to_table.py for tasks to queue
[2026-01-31T07:01:29.439+0000] {logging_mixin.py:188} INFO - [2026-01-31T07:01:29.439+0000] {dagbag.py:545} INFO - Filling up the DagBag from /opt/airflow/dags/pets_json_to_table.py
[2026-01-31T07:01:29.461+0000] {processor.py:840} INFO - DAG(s) 'pets_json_to_table' retrieved from /opt/airflow/dags/pets_json_to_table.py
[2026-01-31T07:01:29.490+0000] {logging_mixin.py:188} INFO - [2026-01-31T07:01:29.490+0000] {dag.py:3089} INFO - Sync 1 DAGs
[2026-01-31T07:01:29.510+0000] {logging_mixin.py:188} INFO - [2026-01-31T07:01:29.510+0000] {dag.py:3947} INFO - Setting next_dagrun for pets_json_to_table to None, run_after=None
[2026-01-31T07:01:29.530+0000] {processor.py:183} INFO - Processing /opt/airflow/dags/pets_json_to_table.py took 0.098 seconds
[2026-01-31T07:01:34.585+0000] {processor.py:161} INFO - Started process (PID=90) to work on /opt/airflow/dags/pets_json_to_table.py
[2026-01-31T07:01:34.586+0000] {processor.py:830} INFO - Processing file /opt/airflow/dags/pets_json_to_table.py for tasks to queue
[2026-01-31T07:01:34.588+0000] {logging_mixin.py:188} INFO - [2026-01-31T07:01:34.587+0000] {dagbag.py:545} INFO - Filling up the DagBag from /opt/airflow/dags/pets_json_to_table.py
[2026-01-31T07:01:34.608+0000] {processor.py:840} INFO - DAG(s) 'pets_json_to_table' retrieved from /opt/airflow/dags/pets_json_to_table.py
[2026-01-31T07:01:34.634+0000] {logging_mixin.py:188} INFO - [2026-01-31T07:01:34.634+0000] {dag.py:3089} INFO - Sync 1 DAGs
[2026-01-31T07:01:34.653+0000] {logging_mixin.py:188} INFO - [2026-01-31T07:01:34.652+0000] {dag.py:3947} INFO - Setting next_dagrun for pets_json_to_table to None, run_after=None
[2026-01-31T07:01:34.672+0000] {processor.py:183} INFO - Processing /opt/airflow/dags/pets_json_to_table.py took 0.092 seconds
[2026-01-31T07:01:37.619+0000] {processor.py:161} INFO - Started process (PID=91) to work on /opt/airflow/dags/pets_json_to_table.py
[2026-01-31T07:01:37.620+0000] {processor.py:830} INFO - Processing file /opt/airflow/dags/pets_json_to_table.py for tasks to queue
[2026-01-31T07:01:37.621+0000] {logging_mixin.py:188} INFO - [2026-01-31T07:01:37.621+0000] {dagbag.py:545} INFO - Filling up the DagBag from /opt/airflow/dags/pets_json_to_table.py
[2026-01-31T07:01:37.642+0000] {processor.py:840} INFO - DAG(s) 'pets_json_to_table' retrieved from /opt/airflow/dags/pets_json_to_table.py
[2026-01-31T07:01:37.668+0000] {logging_mixin.py:188} INFO - [2026-01-31T07:01:37.668+0000] {dag.py:3089} INFO - Sync 1 DAGs
[2026-01-31T07:01:37.686+0000] {logging_mixin.py:188} INFO - [2026-01-31T07:01:37.685+0000] {dag.py:3947} INFO - Setting next_dagrun for pets_json_to_table to None, run_after=None
[2026-01-31T07:01:37.704+0000] {processor.py:183} INFO - Processing /opt/airflow/dags/pets_json_to_table.py took 0.090 seconds
[2026-01-31T07:01:45.763+0000] {processor.py:161} INFO - Started process (PID=92) to work on /opt/airflow/dags/pets_json_to_table.py
[2026-01-31T07:01:45.764+0000] {processor.py:830} INFO - Processing file /opt/airflow/dags/pets_json_to_table.py for tasks to queue
[2026-01-31T07:01:45.765+0000] {logging_mixin.py:188} INFO - [2026-01-31T07:01:45.765+0000] {dagbag.py:545} INFO - Filling up the DagBag from /opt/airflow/dags/pets_json_to_table.py
[2026-01-31T07:01:45.786+0000] {processor.py:840} INFO - DAG(s) 'pets_json_to_table' retrieved from /opt/airflow/dags/pets_json_to_table.py
[2026-01-31T07:01:45.813+0000] {logging_mixin.py:188} INFO - [2026-01-31T07:01:45.813+0000] {dag.py:3089} INFO - Sync 1 DAGs
[2026-01-31T07:01:45.830+0000] {logging_mixin.py:188} INFO - [2026-01-31T07:01:45.829+0000] {dag.py:3947} INFO - Setting next_dagrun for pets_json_to_table to None, run_after=None
[2026-01-31T07:01:45.849+0000] {processor.py:183} INFO - Processing /opt/airflow/dags/pets_json_to_table.py took 0.091 seconds
[2026-01-31T07:02:15.909+0000] {processor.py:161} INFO - Started process (PID=93) to work on /opt/airflow/dags/pets_json_to_table.py
[2026-01-31T07:02:15.909+0000] {processor.py:830} INFO - Processing file /opt/airflow/dags/pets_json_to_table.py for tasks to queue
[2026-01-31T07:02:15.911+0000] {logging_mixin.py:188} INFO - [2026-01-31T07:02:15.911+0000] {dagbag.py:545} INFO - Filling up the DagBag from /opt/airflow/dags/pets_json_to_table.py
[2026-01-31T07:02:15.926+0000] {processor.py:840} INFO - DAG(s) 'pets_json_to_table' retrieved from /opt/airflow/dags/pets_json_to_table.py
[2026-01-31T07:02:15.955+0000] {logging_mixin.py:188} INFO - [2026-01-31T07:02:15.955+0000] {dag.py:3089} INFO - Sync 1 DAGs
[2026-01-31T07:02:15.976+0000] {logging_mixin.py:188} INFO - [2026-01-31T07:02:15.976+0000] {dag.py:3947} INFO - Setting next_dagrun for pets_json_to_table to None, run_after=None
[2026-01-31T07:02:15.997+0000] {processor.py:183} INFO - Processing /opt/airflow/dags/pets_json_to_table.py took 0.093 seconds
[2026-01-31T07:02:46.116+0000] {processor.py:161} INFO - Started process (PID=94) to work on /opt/airflow/dags/pets_json_to_table.py
[2026-01-31T07:02:46.117+0000] {processor.py:830} INFO - Processing file /opt/airflow/dags/pets_json_to_table.py for tasks to queue
[2026-01-31T07:02:46.118+0000] {logging_mixin.py:188} INFO - [2026-01-31T07:02:46.118+0000] {dagbag.py:545} INFO - Filling up the DagBag from /opt/airflow/dags/pets_json_to_table.py
[2026-01-31T07:02:46.132+0000] {processor.py:840} INFO - DAG(s) 'pets_json_to_table' retrieved from /opt/airflow/dags/pets_json_to_table.py
[2026-01-31T07:02:46.158+0000] {logging_mixin.py:188} INFO - [2026-01-31T07:02:46.158+0000] {dag.py:3089} INFO - Sync 1 DAGs
[2026-01-31T07:02:46.177+0000] {logging_mixin.py:188} INFO - [2026-01-31T07:02:46.177+0000] {dag.py:3947} INFO - Setting next_dagrun for pets_json_to_table to None, run_after=None
[2026-01-31T07:02:46.194+0000] {processor.py:183} INFO - Processing /opt/airflow/dags/pets_json_to_table.py took 0.082 seconds
[2026-01-31T07:03:16.270+0000] {processor.py:161} INFO - Started process (PID=95) to work on /opt/airflow/dags/pets_json_to_table.py
[2026-01-31T07:03:16.271+0000] {processor.py:830} INFO - Processing file /opt/airflow/dags/pets_json_to_table.py for tasks to queue
[2026-01-31T07:03:16.272+0000] {logging_mixin.py:188} INFO - [2026-01-31T07:03:16.272+0000] {dagbag.py:545} INFO - Filling up the DagBag from /opt/airflow/dags/pets_json_to_table.py
[2026-01-31T07:03:16.287+0000] {processor.py:840} INFO - DAG(s) 'pets_json_to_table' retrieved from /opt/airflow/dags/pets_json_to_table.py
[2026-01-31T07:03:16.313+0000] {logging_mixin.py:188} INFO - [2026-01-31T07:03:16.313+0000] {dag.py:3089} INFO - Sync 1 DAGs
[2026-01-31T07:03:16.330+0000] {logging_mixin.py:188} INFO - [2026-01-31T07:03:16.330+0000] {dag.py:3947} INFO - Setting next_dagrun for pets_json_to_table to None, run_after=None
[2026-01-31T07:03:16.346+0000] {processor.py:183} INFO - Processing /opt/airflow/dags/pets_json_to_table.py took 0.082 seconds
[2026-01-31T07:03:46.462+0000] {processor.py:161} INFO - Started process (PID=96) to work on /opt/airflow/dags/pets_json_to_table.py
[2026-01-31T07:03:46.463+0000] {processor.py:830} INFO - Processing file /opt/airflow/dags/pets_json_to_table.py for tasks to queue
[2026-01-31T07:03:46.465+0000] {logging_mixin.py:188} INFO - [2026-01-31T07:03:46.464+0000] {dagbag.py:545} INFO - Filling up the DagBag from /opt/airflow/dags/pets_json_to_table.py
[2026-01-31T07:03:46.479+0000] {processor.py:840} INFO - DAG(s) 'pets_json_to_table' retrieved from /opt/airflow/dags/pets_json_to_table.py
[2026-01-31T07:03:46.506+0000] {logging_mixin.py:188} INFO - [2026-01-31T07:03:46.506+0000] {dag.py:3089} INFO - Sync 1 DAGs
[2026-01-31T07:03:46.524+0000] {logging_mixin.py:188} INFO - [2026-01-31T07:03:46.524+0000] {dag.py:3947} INFO - Setting next_dagrun for pets_json_to_table to None, run_after=None
[2026-01-31T07:03:46.542+0000] {processor.py:183} INFO - Processing /opt/airflow/dags/pets_json_to_table.py took 0.085 seconds
[2026-01-31T07:04:16.634+0000] {processor.py:161} INFO - Started process (PID=97) to work on /opt/airflow/dags/pets_json_to_table.py
[2026-01-31T07:04:16.635+0000] {processor.py:830} INFO - Processing file /opt/airflow/dags/pets_json_to_table.py for tasks to queue
[2026-01-31T07:04:16.637+0000] {logging_mixin.py:188} INFO - [2026-01-31T07:04:16.636+0000] {dagbag.py:545} INFO - Filling up the DagBag from /opt/airflow/dags/pets_json_to_table.py
[2026-01-31T07:04:16.651+0000] {processor.py:840} INFO - DAG(s) 'pets_json_to_table' retrieved from /opt/airflow/dags/pets_json_to_table.py
[2026-01-31T07:04:16.677+0000] {logging_mixin.py:188} INFO - [2026-01-31T07:04:16.677+0000] {dag.py:3089} INFO - Sync 1 DAGs
[2026-01-31T07:04:16.695+0000] {logging_mixin.py:188} INFO - [2026-01-31T07:04:16.695+0000] {dag.py:3947} INFO - Setting next_dagrun for pets_json_to_table to None, run_after=None
[2026-01-31T07:04:16.711+0000] {processor.py:183} INFO - Processing /opt/airflow/dags/pets_json_to_table.py took 0.082 seconds
[2026-01-31T07:04:46.812+0000] {processor.py:161} INFO - Started process (PID=98) to work on /opt/airflow/dags/pets_json_to_table.py
[2026-01-31T07:04:46.813+0000] {processor.py:830} INFO - Processing file /opt/airflow/dags/pets_json_to_table.py for tasks to queue
[2026-01-31T07:04:46.814+0000] {logging_mixin.py:188} INFO - [2026-01-31T07:04:46.814+0000] {dagbag.py:545} INFO - Filling up the DagBag from /opt/airflow/dags/pets_json_to_table.py
[2026-01-31T07:04:46.829+0000] {processor.py:840} INFO - DAG(s) 'pets_json_to_table' retrieved from /opt/airflow/dags/pets_json_to_table.py
[2026-01-31T07:04:46.855+0000] {logging_mixin.py:188} INFO - [2026-01-31T07:04:46.855+0000] {dag.py:3089} INFO - Sync 1 DAGs
[2026-01-31T07:04:46.872+0000] {logging_mixin.py:188} INFO - [2026-01-31T07:04:46.872+0000] {dag.py:3947} INFO - Setting next_dagrun for pets_json_to_table to None, run_after=None
[2026-01-31T07:04:46.889+0000] {processor.py:183} INFO - Processing /opt/airflow/dags/pets_json_to_table.py took 0.081 seconds
[2026-01-31T07:05:16.971+0000] {processor.py:161} INFO - Started process (PID=99) to work on /opt/airflow/dags/pets_json_to_table.py
[2026-01-31T07:05:16.972+0000] {processor.py:830} INFO - Processing file /opt/airflow/dags/pets_json_to_table.py for tasks to queue
[2026-01-31T07:05:16.974+0000] {logging_mixin.py:188} INFO - [2026-01-31T07:05:16.973+0000] {dagbag.py:545} INFO - Filling up the DagBag from /opt/airflow/dags/pets_json_to_table.py
[2026-01-31T07:05:16.988+0000] {processor.py:840} INFO - DAG(s) 'pets_json_to_table' retrieved from /opt/airflow/dags/pets_json_to_table.py
[2026-01-31T07:05:17.014+0000] {logging_mixin.py:188} INFO - [2026-01-31T07:05:17.014+0000] {dag.py:3089} INFO - Sync 1 DAGs
[2026-01-31T07:05:17.031+0000] {logging_mixin.py:188} INFO - [2026-01-31T07:05:17.031+0000] {dag.py:3947} INFO - Setting next_dagrun for pets_json_to_table to None, run_after=None
[2026-01-31T07:05:17.048+0000] {processor.py:183} INFO - Processing /opt/airflow/dags/pets_json_to_table.py took 0.083 seconds
[2026-01-31T07:05:47.158+0000] {processor.py:161} INFO - Started process (PID=100) to work on /opt/airflow/dags/pets_json_to_table.py
[2026-01-31T07:05:47.159+0000] {processor.py:830} INFO - Processing file /opt/airflow/dags/pets_json_to_table.py for tasks to queue
[2026-01-31T07:05:47.160+0000] {logging_mixin.py:188} INFO - [2026-01-31T07:05:47.160+0000] {dagbag.py:545} INFO - Filling up the DagBag from /opt/airflow/dags/pets_json_to_table.py
[2026-01-31T07:05:47.175+0000] {processor.py:840} INFO - DAG(s) 'pets_json_to_table' retrieved from /opt/airflow/dags/pets_json_to_table.py
[2026-01-31T07:05:47.204+0000] {logging_mixin.py:188} INFO - [2026-01-31T07:05:47.204+0000] {dag.py:3089} INFO - Sync 1 DAGs
[2026-01-31T07:05:47.222+0000] {logging_mixin.py:188} INFO - [2026-01-31T07:05:47.222+0000] {dag.py:3947} INFO - Setting next_dagrun for pets_json_to_table to None, run_after=None
[2026-01-31T07:05:47.238+0000] {processor.py:183} INFO - Processing /opt/airflow/dags/pets_json_to_table.py took 0.085 seconds
[2026-01-31T07:06:17.301+0000] {processor.py:161} INFO - Started process (PID=101) to work on /opt/airflow/dags/pets_json_to_table.py
[2026-01-31T07:06:17.302+0000] {processor.py:830} INFO - Processing file /opt/airflow/dags/pets_json_to_table.py for tasks to queue
[2026-01-31T07:06:17.304+0000] {logging_mixin.py:188} INFO - [2026-01-31T07:06:17.303+0000] {dagbag.py:545} INFO - Filling up the DagBag from /opt/airflow/dags/pets_json_to_table.py
[2026-01-31T07:06:17.318+0000] {processor.py:840} INFO - DAG(s) 'pets_json_to_table' retrieved from /opt/airflow/dags/pets_json_to_table.py
[2026-01-31T07:06:17.345+0000] {logging_mixin.py:188} INFO - [2026-01-31T07:06:17.345+0000] {dag.py:3089} INFO - Sync 1 DAGs
[2026-01-31T07:06:17.362+0000] {logging_mixin.py:188} INFO - [2026-01-31T07:06:17.362+0000] {dag.py:3947} INFO - Setting next_dagrun for pets_json_to_table to None, run_after=None
[2026-01-31T07:06:17.378+0000] {processor.py:183} INFO - Processing /opt/airflow/dags/pets_json_to_table.py took 0.082 seconds
[2026-01-31T07:06:47.496+0000] {processor.py:161} INFO - Started process (PID=102) to work on /opt/airflow/dags/pets_json_to_table.py
[2026-01-31T07:06:47.497+0000] {processor.py:830} INFO - Processing file /opt/airflow/dags/pets_json_to_table.py for tasks to queue
[2026-01-31T07:06:47.498+0000] {logging_mixin.py:188} INFO - [2026-01-31T07:06:47.498+0000] {dagbag.py:545} INFO - Filling up the DagBag from /opt/airflow/dags/pets_json_to_table.py
[2026-01-31T07:06:47.512+0000] {processor.py:840} INFO - DAG(s) 'pets_json_to_table' retrieved from /opt/airflow/dags/pets_json_to_table.py
[2026-01-31T07:06:47.538+0000] {logging_mixin.py:188} INFO - [2026-01-31T07:06:47.538+0000] {dag.py:3089} INFO - Sync 1 DAGs
[2026-01-31T07:06:47.557+0000] {logging_mixin.py:188} INFO - [2026-01-31T07:06:47.557+0000] {dag.py:3947} INFO - Setting next_dagrun for pets_json_to_table to None, run_after=None
[2026-01-31T07:06:47.574+0000] {processor.py:183} INFO - Processing /opt/airflow/dags/pets_json_to_table.py took 0.082 seconds
[2026-01-31T07:07:17.645+0000] {processor.py:161} INFO - Started process (PID=103) to work on /opt/airflow/dags/pets_json_to_table.py
[2026-01-31T07:07:17.646+0000] {processor.py:830} INFO - Processing file /opt/airflow/dags/pets_json_to_table.py for tasks to queue
[2026-01-31T07:07:17.648+0000] {logging_mixin.py:188} INFO - [2026-01-31T07:07:17.648+0000] {dagbag.py:545} INFO - Filling up the DagBag from /opt/airflow/dags/pets_json_to_table.py
[2026-01-31T07:07:17.663+0000] {processor.py:840} INFO - DAG(s) 'pets_json_to_table' retrieved from /opt/airflow/dags/pets_json_to_table.py
[2026-01-31T07:07:17.690+0000] {logging_mixin.py:188} INFO - [2026-01-31T07:07:17.690+0000] {dag.py:3089} INFO - Sync 1 DAGs
[2026-01-31T07:07:17.708+0000] {logging_mixin.py:188} INFO - [2026-01-31T07:07:17.708+0000] {dag.py:3947} INFO - Setting next_dagrun for pets_json_to_table to None, run_after=None
[2026-01-31T07:07:17.724+0000] {processor.py:183} INFO - Processing /opt/airflow/dags/pets_json_to_table.py took 0.084 seconds
[2026-01-31T07:07:47.833+0000] {processor.py:161} INFO - Started process (PID=104) to work on /opt/airflow/dags/pets_json_to_table.py
[2026-01-31T07:07:47.833+0000] {processor.py:830} INFO - Processing file /opt/airflow/dags/pets_json_to_table.py for tasks to queue
[2026-01-31T07:07:47.835+0000] {logging_mixin.py:188} INFO - [2026-01-31T07:07:47.835+0000] {dagbag.py:545} INFO - Filling up the DagBag from /opt/airflow/dags/pets_json_to_table.py
[2026-01-31T07:07:47.849+0000] {processor.py:840} INFO - DAG(s) 'pets_json_to_table' retrieved from /opt/airflow/dags/pets_json_to_table.py
[2026-01-31T07:07:47.875+0000] {logging_mixin.py:188} INFO - [2026-01-31T07:07:47.875+0000] {dag.py:3089} INFO - Sync 1 DAGs
[2026-01-31T07:07:47.892+0000] {logging_mixin.py:188} INFO - [2026-01-31T07:07:47.892+0000] {dag.py:3947} INFO - Setting next_dagrun for pets_json_to_table to None, run_after=None
[2026-01-31T07:07:47.908+0000] {processor.py:183} INFO - Processing /opt/airflow/dags/pets_json_to_table.py took 0.080 seconds
[2026-01-31T07:08:17.984+0000] {processor.py:161} INFO - Started process (PID=105) to work on /opt/airflow/dags/pets_json_to_table.py
[2026-01-31T07:08:17.985+0000] {processor.py:830} INFO - Processing file /opt/airflow/dags/pets_json_to_table.py for tasks to queue
[2026-01-31T07:08:17.987+0000] {logging_mixin.py:188} INFO - [2026-01-31T07:08:17.986+0000] {dagbag.py:545} INFO - Filling up the DagBag from /opt/airflow/dags/pets_json_to_table.py
[2026-01-31T07:08:18.002+0000] {processor.py:840} INFO - DAG(s) 'pets_json_to_table' retrieved from /opt/airflow/dags/pets_json_to_table.py
[2026-01-31T07:08:18.029+0000] {logging_mixin.py:188} INFO - [2026-01-31T07:08:18.028+0000] {dag.py:3089} INFO - Sync 1 DAGs
[2026-01-31T07:08:18.047+0000] {logging_mixin.py:188} INFO - [2026-01-31T07:08:18.047+0000] {dag.py:3947} INFO - Setting next_dagrun for pets_json_to_table to None, run_after=None
[2026-01-31T07:08:18.062+0000] {processor.py:183} INFO - Processing /opt/airflow/dags/pets_json_to_table.py took 0.083 seconds
[2026-01-31T07:08:48.168+0000] {processor.py:161} INFO - Started process (PID=106) to work on /opt/airflow/dags/pets_json_to_table.py
[2026-01-31T07:08:48.168+0000] {processor.py:830} INFO - Processing file /opt/airflow/dags/pets_json_to_table.py for tasks to queue
[2026-01-31T07:08:48.170+0000] {logging_mixin.py:188} INFO - [2026-01-31T07:08:48.170+0000] {dagbag.py:545} INFO - Filling up the DagBag from /opt/airflow/dags/pets_json_to_table.py
[2026-01-31T07:08:48.184+0000] {processor.py:840} INFO - DAG(s) 'pets_json_to_table' retrieved from /opt/airflow/dags/pets_json_to_table.py
[2026-01-31T07:08:48.209+0000] {logging_mixin.py:188} INFO - [2026-01-31T07:08:48.209+0000] {dag.py:3089} INFO - Sync 1 DAGs
[2026-01-31T07:08:48.226+0000] {logging_mixin.py:188} INFO - [2026-01-31T07:08:48.226+0000] {dag.py:3947} INFO - Setting next_dagrun for pets_json_to_table to None, run_after=None
[2026-01-31T07:08:48.242+0000] {processor.py:183} INFO - Processing /opt/airflow/dags/pets_json_to_table.py took 0.079 seconds
[2026-01-31T07:09:18.342+0000] {processor.py:161} INFO - Started process (PID=107) to work on /opt/airflow/dags/pets_json_to_table.py
[2026-01-31T07:09:18.342+0000] {processor.py:830} INFO - Processing file /opt/airflow/dags/pets_json_to_table.py for tasks to queue
[2026-01-31T07:09:18.344+0000] {logging_mixin.py:188} INFO - [2026-01-31T07:09:18.344+0000] {dagbag.py:545} INFO - Filling up the DagBag from /opt/airflow/dags/pets_json_to_table.py
[2026-01-31T07:09:18.358+0000] {processor.py:840} INFO - DAG(s) 'pets_json_to_table' retrieved from /opt/airflow/dags/pets_json_to_table.py
[2026-01-31T07:09:18.389+0000] {logging_mixin.py:188} INFO - [2026-01-31T07:09:18.389+0000] {dag.py:3089} INFO - Sync 1 DAGs
[2026-01-31T07:09:18.410+0000] {logging_mixin.py:188} INFO - [2026-01-31T07:09:18.410+0000] {dag.py:3947} INFO - Setting next_dagrun for pets_json_to_table to None, run_after=None
[2026-01-31T07:09:18.427+0000] {processor.py:183} INFO - Processing /opt/airflow/dags/pets_json_to_table.py took 0.090 seconds
[2026-01-31T07:09:48.498+0000] {processor.py:161} INFO - Started process (PID=108) to work on /opt/airflow/dags/pets_json_to_table.py
[2026-01-31T07:09:48.499+0000] {processor.py:830} INFO - Processing file /opt/airflow/dags/pets_json_to_table.py for tasks to queue
[2026-01-31T07:09:48.500+0000] {logging_mixin.py:188} INFO - [2026-01-31T07:09:48.500+0000] {dagbag.py:545} INFO - Filling up the DagBag from /opt/airflow/dags/pets_json_to_table.py
[2026-01-31T07:09:48.515+0000] {processor.py:840} INFO - DAG(s) 'pets_json_to_table' retrieved from /opt/airflow/dags/pets_json_to_table.py
[2026-01-31T07:09:48.542+0000] {logging_mixin.py:188} INFO - [2026-01-31T07:09:48.542+0000] {dag.py:3089} INFO - Sync 1 DAGs
[2026-01-31T07:09:48.560+0000] {logging_mixin.py:188} INFO - [2026-01-31T07:09:48.560+0000] {dag.py:3947} INFO - Setting next_dagrun for pets_json_to_table to None, run_after=None
[2026-01-31T07:09:48.577+0000] {processor.py:183} INFO - Processing /opt/airflow/dags/pets_json_to_table.py took 0.084 seconds
[2026-01-31T07:10:18.702+0000] {processor.py:161} INFO - Started process (PID=109) to work on /opt/airflow/dags/pets_json_to_table.py
[2026-01-31T07:10:18.703+0000] {processor.py:830} INFO - Processing file /opt/airflow/dags/pets_json_to_table.py for tasks to queue
[2026-01-31T07:10:18.705+0000] {logging_mixin.py:188} INFO - [2026-01-31T07:10:18.705+0000] {dagbag.py:545} INFO - Filling up the DagBag from /opt/airflow/dags/pets_json_to_table.py
[2026-01-31T07:10:18.722+0000] {processor.py:840} INFO - DAG(s) 'pets_json_to_table' retrieved from /opt/airflow/dags/pets_json_to_table.py
[2026-01-31T07:10:18.751+0000] {logging_mixin.py:188} INFO - [2026-01-31T07:10:18.751+0000] {dag.py:3089} INFO - Sync 1 DAGs
[2026-01-31T07:10:18.770+0000] {logging_mixin.py:188} INFO - [2026-01-31T07:10:18.770+0000] {dag.py:3947} INFO - Setting next_dagrun for pets_json_to_table to None, run_after=None
[2026-01-31T07:10:18.787+0000] {processor.py:183} INFO - Processing /opt/airflow/dags/pets_json_to_table.py took 0.091 seconds
[2026-01-31T07:10:48.852+0000] {processor.py:161} INFO - Started process (PID=110) to work on /opt/airflow/dags/pets_json_to_table.py
[2026-01-31T07:10:48.853+0000] {processor.py:830} INFO - Processing file /opt/airflow/dags/pets_json_to_table.py for tasks to queue
[2026-01-31T07:10:48.854+0000] {logging_mixin.py:188} INFO - [2026-01-31T07:10:48.854+0000] {dagbag.py:545} INFO - Filling up the DagBag from /opt/airflow/dags/pets_json_to_table.py
[2026-01-31T07:10:48.869+0000] {processor.py:840} INFO - DAG(s) 'pets_json_to_table' retrieved from /opt/airflow/dags/pets_json_to_table.py
[2026-01-31T07:10:48.897+0000] {logging_mixin.py:188} INFO - [2026-01-31T07:10:48.897+0000] {dag.py:3089} INFO - Sync 1 DAGs
[2026-01-31T07:10:48.914+0000] {logging_mixin.py:188} INFO - [2026-01-31T07:10:48.914+0000] {dag.py:3947} INFO - Setting next_dagrun for pets_json_to_table to None, run_after=None
[2026-01-31T07:10:48.930+0000] {processor.py:183} INFO - Processing /opt/airflow/dags/pets_json_to_table.py took 0.083 seconds
[2026-01-31T07:11:19.051+0000] {processor.py:161} INFO - Started process (PID=111) to work on /opt/airflow/dags/pets_json_to_table.py
[2026-01-31T07:11:19.052+0000] {processor.py:830} INFO - Processing file /opt/airflow/dags/pets_json_to_table.py for tasks to queue
[2026-01-31T07:11:19.054+0000] {logging_mixin.py:188} INFO - [2026-01-31T07:11:19.054+0000] {dagbag.py:545} INFO - Filling up the DagBag from /opt/airflow/dags/pets_json_to_table.py
[2026-01-31T07:11:19.070+0000] {processor.py:840} INFO - DAG(s) 'pets_json_to_table' retrieved from /opt/airflow/dags/pets_json_to_table.py
[2026-01-31T07:11:19.100+0000] {logging_mixin.py:188} INFO - [2026-01-31T07:11:19.099+0000] {dag.py:3089} INFO - Sync 1 DAGs
[2026-01-31T07:11:19.119+0000] {logging_mixin.py:188} INFO - [2026-01-31T07:11:19.119+0000] {dag.py:3947} INFO - Setting next_dagrun for pets_json_to_table to None, run_after=None
[2026-01-31T07:11:19.137+0000] {processor.py:183} INFO - Processing /opt/airflow/dags/pets_json_to_table.py took 0.091 seconds
[2026-01-31T07:11:49.204+0000] {processor.py:161} INFO - Started process (PID=112) to work on /opt/airflow/dags/pets_json_to_table.py
[2026-01-31T07:11:49.205+0000] {processor.py:830} INFO - Processing file /opt/airflow/dags/pets_json_to_table.py for tasks to queue
[2026-01-31T07:11:49.206+0000] {logging_mixin.py:188} INFO - [2026-01-31T07:11:49.206+0000] {dagbag.py:545} INFO - Filling up the DagBag from /opt/airflow/dags/pets_json_to_table.py
[2026-01-31T07:11:49.221+0000] {processor.py:840} INFO - DAG(s) 'pets_json_to_table' retrieved from /opt/airflow/dags/pets_json_to_table.py
[2026-01-31T07:11:49.248+0000] {logging_mixin.py:188} INFO - [2026-01-31T07:11:49.248+0000] {dag.py:3089} INFO - Sync 1 DAGs
[2026-01-31T07:11:49.266+0000] {logging_mixin.py:188} INFO - [2026-01-31T07:11:49.265+0000] {dag.py:3947} INFO - Setting next_dagrun for pets_json_to_table to None, run_after=None
[2026-01-31T07:11:49.282+0000] {processor.py:183} INFO - Processing /opt/airflow/dags/pets_json_to_table.py took 0.083 seconds
[2026-01-31T07:12:19.409+0000] {processor.py:161} INFO - Started process (PID=113) to work on /opt/airflow/dags/pets_json_to_table.py
[2026-01-31T07:12:19.409+0000] {processor.py:830} INFO - Processing file /opt/airflow/dags/pets_json_to_table.py for tasks to queue
[2026-01-31T07:12:19.411+0000] {logging_mixin.py:188} INFO - [2026-01-31T07:12:19.411+0000] {dagbag.py:545} INFO - Filling up the DagBag from /opt/airflow/dags/pets_json_to_table.py
[2026-01-31T07:12:19.425+0000] {processor.py:840} INFO - DAG(s) 'pets_json_to_table' retrieved from /opt/airflow/dags/pets_json_to_table.py
[2026-01-31T07:12:19.452+0000] {logging_mixin.py:188} INFO - [2026-01-31T07:12:19.451+0000] {dag.py:3089} INFO - Sync 1 DAGs
[2026-01-31T07:12:19.469+0000] {logging_mixin.py:188} INFO - [2026-01-31T07:12:19.469+0000] {dag.py:3947} INFO - Setting next_dagrun for pets_json_to_table to None, run_after=None
[2026-01-31T07:12:19.486+0000] {processor.py:183} INFO - Processing /opt/airflow/dags/pets_json_to_table.py took 0.082 seconds
[2026-01-31T07:12:49.558+0000] {processor.py:161} INFO - Started process (PID=114) to work on /opt/airflow/dags/pets_json_to_table.py
[2026-01-31T07:12:49.559+0000] {processor.py:830} INFO - Processing file /opt/airflow/dags/pets_json_to_table.py for tasks to queue
[2026-01-31T07:12:49.561+0000] {logging_mixin.py:188} INFO - [2026-01-31T07:12:49.560+0000] {dagbag.py:545} INFO - Filling up the DagBag from /opt/airflow/dags/pets_json_to_table.py
[2026-01-31T07:12:49.574+0000] {processor.py:840} INFO - DAG(s) 'pets_json_to_table' retrieved from /opt/airflow/dags/pets_json_to_table.py
[2026-01-31T07:12:49.602+0000] {logging_mixin.py:188} INFO - [2026-01-31T07:12:49.601+0000] {dag.py:3089} INFO - Sync 1 DAGs
[2026-01-31T07:12:49.619+0000] {logging_mixin.py:188} INFO - [2026-01-31T07:12:49.619+0000] {dag.py:3947} INFO - Setting next_dagrun for pets_json_to_table to None, run_after=None
[2026-01-31T07:12:49.635+0000] {processor.py:183} INFO - Processing /opt/airflow/dags/pets_json_to_table.py took 0.082 seconds
[2026-01-31T07:13:19.750+0000] {processor.py:161} INFO - Started process (PID=115) to work on /opt/airflow/dags/pets_json_to_table.py
[2026-01-31T07:13:19.751+0000] {processor.py:830} INFO - Processing file /opt/airflow/dags/pets_json_to_table.py for tasks to queue
[2026-01-31T07:13:19.753+0000] {logging_mixin.py:188} INFO - [2026-01-31T07:13:19.752+0000] {dagbag.py:545} INFO - Filling up the DagBag from /opt/airflow/dags/pets_json_to_table.py
[2026-01-31T07:13:19.767+0000] {processor.py:840} INFO - DAG(s) 'pets_json_to_table' retrieved from /opt/airflow/dags/pets_json_to_table.py
[2026-01-31T07:13:19.794+0000] {logging_mixin.py:188} INFO - [2026-01-31T07:13:19.794+0000] {dag.py:3089} INFO - Sync 1 DAGs
[2026-01-31T07:13:19.811+0000] {logging_mixin.py:188} INFO - [2026-01-31T07:13:19.811+0000] {dag.py:3947} INFO - Setting next_dagrun for pets_json_to_table to None, run_after=None
[2026-01-31T07:13:19.828+0000] {processor.py:183} INFO - Processing /opt/airflow/dags/pets_json_to_table.py took 0.082 seconds
[2026-01-31T07:13:49.900+0000] {processor.py:161} INFO - Started process (PID=116) to work on /opt/airflow/dags/pets_json_to_table.py
[2026-01-31T07:13:49.900+0000] {processor.py:830} INFO - Processing file /opt/airflow/dags/pets_json_to_table.py for tasks to queue
[2026-01-31T07:13:49.902+0000] {logging_mixin.py:188} INFO - [2026-01-31T07:13:49.902+0000] {dagbag.py:545} INFO - Filling up the DagBag from /opt/airflow/dags/pets_json_to_table.py
[2026-01-31T07:13:49.918+0000] {processor.py:840} INFO - DAG(s) 'pets_json_to_table' retrieved from /opt/airflow/dags/pets_json_to_table.py
[2026-01-31T07:13:49.945+0000] {logging_mixin.py:188} INFO - [2026-01-31T07:13:49.945+0000] {dag.py:3089} INFO - Sync 1 DAGs
[2026-01-31T07:13:49.962+0000] {logging_mixin.py:188} INFO - [2026-01-31T07:13:49.962+0000] {dag.py:3947} INFO - Setting next_dagrun for pets_json_to_table to None, run_after=None
[2026-01-31T07:13:49.978+0000] {processor.py:183} INFO - Processing /opt/airflow/dags/pets_json_to_table.py took 0.084 seconds
[2026-01-31T07:14:20.112+0000] {processor.py:161} INFO - Started process (PID=117) to work on /opt/airflow/dags/pets_json_to_table.py
[2026-01-31T07:14:20.113+0000] {processor.py:830} INFO - Processing file /opt/airflow/dags/pets_json_to_table.py for tasks to queue
[2026-01-31T07:14:20.115+0000] {logging_mixin.py:188} INFO - [2026-01-31T07:14:20.114+0000] {dagbag.py:545} INFO - Filling up the DagBag from /opt/airflow/dags/pets_json_to_table.py
[2026-01-31T07:14:20.129+0000] {processor.py:840} INFO - DAG(s) 'pets_json_to_table' retrieved from /opt/airflow/dags/pets_json_to_table.py
[2026-01-31T07:14:20.156+0000] {logging_mixin.py:188} INFO - [2026-01-31T07:14:20.156+0000] {dag.py:3089} INFO - Sync 1 DAGs
[2026-01-31T07:14:20.173+0000] {logging_mixin.py:188} INFO - [2026-01-31T07:14:20.173+0000] {dag.py:3947} INFO - Setting next_dagrun for pets_json_to_table to None, run_after=None
[2026-01-31T07:14:20.189+0000] {processor.py:183} INFO - Processing /opt/airflow/dags/pets_json_to_table.py took 0.082 seconds
[2026-01-31T07:14:50.262+0000] {processor.py:161} INFO - Started process (PID=118) to work on /opt/airflow/dags/pets_json_to_table.py
[2026-01-31T07:14:50.263+0000] {processor.py:830} INFO - Processing file /opt/airflow/dags/pets_json_to_table.py for tasks to queue
[2026-01-31T07:14:50.265+0000] {logging_mixin.py:188} INFO - [2026-01-31T07:14:50.264+0000] {dagbag.py:545} INFO - Filling up the DagBag from /opt/airflow/dags/pets_json_to_table.py
[2026-01-31T07:14:50.279+0000] {processor.py:840} INFO - DAG(s) 'pets_json_to_table' retrieved from /opt/airflow/dags/pets_json_to_table.py
[2026-01-31T07:14:50.305+0000] {logging_mixin.py:188} INFO - [2026-01-31T07:14:50.305+0000] {dag.py:3089} INFO - Sync 1 DAGs
[2026-01-31T07:14:50.322+0000] {logging_mixin.py:188} INFO - [2026-01-31T07:14:50.322+0000] {dag.py:3947} INFO - Setting next_dagrun for pets_json_to_table to None, run_after=None
[2026-01-31T07:14:50.338+0000] {processor.py:183} INFO - Processing /opt/airflow/dags/pets_json_to_table.py took 0.080 seconds
[2026-01-31T07:15:20.454+0000] {processor.py:161} INFO - Started process (PID=119) to work on /opt/airflow/dags/pets_json_to_table.py
[2026-01-31T07:15:20.455+0000] {processor.py:830} INFO - Processing file /opt/airflow/dags/pets_json_to_table.py for tasks to queue
[2026-01-31T07:15:20.457+0000] {logging_mixin.py:188} INFO - [2026-01-31T07:15:20.456+0000] {dagbag.py:545} INFO - Filling up the DagBag from /opt/airflow/dags/pets_json_to_table.py
[2026-01-31T07:15:20.471+0000] {processor.py:840} INFO - DAG(s) 'pets_json_to_table' retrieved from /opt/airflow/dags/pets_json_to_table.py
[2026-01-31T07:15:20.496+0000] {logging_mixin.py:188} INFO - [2026-01-31T07:15:20.496+0000] {dag.py:3089} INFO - Sync 1 DAGs
[2026-01-31T07:15:20.513+0000] {logging_mixin.py:188} INFO - [2026-01-31T07:15:20.513+0000] {dag.py:3947} INFO - Setting next_dagrun for pets_json_to_table to None, run_after=None
[2026-01-31T07:15:20.529+0000] {processor.py:183} INFO - Processing /opt/airflow/dags/pets_json_to_table.py took 0.080 seconds
[2026-01-31T07:15:50.606+0000] {processor.py:161} INFO - Started process (PID=120) to work on /opt/airflow/dags/pets_json_to_table.py
[2026-01-31T07:15:50.607+0000] {processor.py:830} INFO - Processing file /opt/airflow/dags/pets_json_to_table.py for tasks to queue
[2026-01-31T07:15:50.608+0000] {logging_mixin.py:188} INFO - [2026-01-31T07:15:50.608+0000] {dagbag.py:545} INFO - Filling up the DagBag from /opt/airflow/dags/pets_json_to_table.py
[2026-01-31T07:15:50.623+0000] {processor.py:840} INFO - DAG(s) 'pets_json_to_table' retrieved from /opt/airflow/dags/pets_json_to_table.py
[2026-01-31T07:15:50.649+0000] {logging_mixin.py:188} INFO - [2026-01-31T07:15:50.649+0000] {dag.py:3089} INFO - Sync 1 DAGs
[2026-01-31T07:15:50.667+0000] {logging_mixin.py:188} INFO - [2026-01-31T07:15:50.667+0000] {dag.py:3947} INFO - Setting next_dagrun for pets_json_to_table to None, run_after=None
[2026-01-31T07:15:50.682+0000] {processor.py:183} INFO - Processing /opt/airflow/dags/pets_json_to_table.py took 0.081 seconds
[2026-01-31T07:16:20.788+0000] {processor.py:161} INFO - Started process (PID=121) to work on /opt/airflow/dags/pets_json_to_table.py
[2026-01-31T07:16:20.789+0000] {processor.py:830} INFO - Processing file /opt/airflow/dags/pets_json_to_table.py for tasks to queue
[2026-01-31T07:16:20.790+0000] {logging_mixin.py:188} INFO - [2026-01-31T07:16:20.790+0000] {dagbag.py:545} INFO - Filling up the DagBag from /opt/airflow/dags/pets_json_to_table.py
[2026-01-31T07:16:20.806+0000] {processor.py:840} INFO - DAG(s) 'pets_json_to_table' retrieved from /opt/airflow/dags/pets_json_to_table.py
[2026-01-31T07:16:20.831+0000] {logging_mixin.py:188} INFO - [2026-01-31T07:16:20.831+0000] {dag.py:3089} INFO - Sync 1 DAGs
[2026-01-31T07:16:20.848+0000] {logging_mixin.py:188} INFO - [2026-01-31T07:16:20.848+0000] {dag.py:3947} INFO - Setting next_dagrun for pets_json_to_table to None, run_after=None
[2026-01-31T07:16:20.865+0000] {processor.py:183} INFO - Processing /opt/airflow/dags/pets_json_to_table.py took 0.081 seconds
[2026-01-31T07:16:50.934+0000] {processor.py:161} INFO - Started process (PID=122) to work on /opt/airflow/dags/pets_json_to_table.py
[2026-01-31T07:16:50.936+0000] {processor.py:830} INFO - Processing file /opt/airflow/dags/pets_json_to_table.py for tasks to queue
[2026-01-31T07:16:50.937+0000] {logging_mixin.py:188} INFO - [2026-01-31T07:16:50.937+0000] {dagbag.py:545} INFO - Filling up the DagBag from /opt/airflow/dags/pets_json_to_table.py
[2026-01-31T07:16:50.976+0000] {processor.py:840} INFO - DAG(s) 'pets_json_to_table' retrieved from /opt/airflow/dags/pets_json_to_table.py
[2026-01-31T07:16:51.005+0000] {logging_mixin.py:188} INFO - [2026-01-31T07:16:51.005+0000] {dag.py:3089} INFO - Sync 1 DAGs
[2026-01-31T07:16:51.024+0000] {logging_mixin.py:188} INFO - [2026-01-31T07:16:51.024+0000] {dag.py:3947} INFO - Setting next_dagrun for pets_json_to_table to None, run_after=None
[2026-01-31T07:16:51.044+0000] {processor.py:183} INFO - Processing /opt/airflow/dags/pets_json_to_table.py took 0.115 seconds
[2026-01-31T07:16:54.025+0000] {processor.py:161} INFO - Started process (PID=123) to work on /opt/airflow/dags/pets_json_to_table.py
[2026-01-31T07:16:54.027+0000] {processor.py:830} INFO - Processing file /opt/airflow/dags/pets_json_to_table.py for tasks to queue
[2026-01-31T07:16:54.029+0000] {logging_mixin.py:188} INFO - [2026-01-31T07:16:54.028+0000] {dagbag.py:545} INFO - Filling up the DagBag from /opt/airflow/dags/pets_json_to_table.py
[2026-01-31T07:16:54.053+0000] {processor.py:840} INFO - DAG(s) 'pets_json_to_table' retrieved from /opt/airflow/dags/pets_json_to_table.py
[2026-01-31T07:16:54.083+0000] {logging_mixin.py:188} INFO - [2026-01-31T07:16:54.083+0000] {dag.py:3089} INFO - Sync 1 DAGs
[2026-01-31T07:16:54.104+0000] {logging_mixin.py:188} INFO - [2026-01-31T07:16:54.104+0000] {dag.py:3947} INFO - Setting next_dagrun for pets_json_to_table to None, run_after=None
[2026-01-31T07:16:54.126+0000] {processor.py:183} INFO - Processing /opt/airflow/dags/pets_json_to_table.py took 0.108 seconds
[2026-01-31T07:16:58.109+0000] {processor.py:161} INFO - Started process (PID=124) to work on /opt/airflow/dags/pets_json_to_table.py
[2026-01-31T07:16:58.110+0000] {processor.py:830} INFO - Processing file /opt/airflow/dags/pets_json_to_table.py for tasks to queue
[2026-01-31T07:16:58.112+0000] {logging_mixin.py:188} INFO - [2026-01-31T07:16:58.112+0000] {dagbag.py:545} INFO - Filling up the DagBag from /opt/airflow/dags/pets_json_to_table.py
[2026-01-31T07:16:58.133+0000] {processor.py:840} INFO - DAG(s) 'pets_json_to_table' retrieved from /opt/airflow/dags/pets_json_to_table.py
[2026-01-31T07:16:58.160+0000] {logging_mixin.py:188} INFO - [2026-01-31T07:16:58.159+0000] {dag.py:3089} INFO - Sync 1 DAGs
[2026-01-31T07:16:58.177+0000] {logging_mixin.py:188} INFO - [2026-01-31T07:16:58.177+0000] {dag.py:3947} INFO - Setting next_dagrun for pets_json_to_table to None, run_after=None
[2026-01-31T07:16:58.196+0000] {processor.py:183} INFO - Processing /opt/airflow/dags/pets_json_to_table.py took 0.092 seconds
[2026-01-31T07:17:04.212+0000] {processor.py:161} INFO - Started process (PID=125) to work on /opt/airflow/dags/pets_json_to_table.py
[2026-01-31T07:17:04.213+0000] {processor.py:830} INFO - Processing file /opt/airflow/dags/pets_json_to_table.py for tasks to queue
[2026-01-31T07:17:04.215+0000] {logging_mixin.py:188} INFO - [2026-01-31T07:17:04.214+0000] {dagbag.py:545} INFO - Filling up the DagBag from /opt/airflow/dags/pets_json_to_table.py
[2026-01-31T07:17:04.239+0000] {processor.py:840} INFO - DAG(s) 'pets_json_to_table' retrieved from /opt/airflow/dags/pets_json_to_table.py
[2026-01-31T07:17:04.266+0000] {logging_mixin.py:188} INFO - [2026-01-31T07:17:04.266+0000] {dag.py:3089} INFO - Sync 1 DAGs
[2026-01-31T07:17:04.286+0000] {logging_mixin.py:188} INFO - [2026-01-31T07:17:04.286+0000] {dag.py:3947} INFO - Setting next_dagrun for pets_json_to_table to None, run_after=None
[2026-01-31T07:17:04.307+0000] {processor.py:183} INFO - Processing /opt/airflow/dags/pets_json_to_table.py took 0.100 seconds
[2026-01-31T07:17:11.292+0000] {processor.py:161} INFO - Started process (PID=126) to work on /opt/airflow/dags/pets_json_to_table.py
[2026-01-31T07:17:11.293+0000] {processor.py:830} INFO - Processing file /opt/airflow/dags/pets_json_to_table.py for tasks to queue
[2026-01-31T07:17:11.294+0000] {logging_mixin.py:188} INFO - [2026-01-31T07:17:11.294+0000] {dagbag.py:545} INFO - Filling up the DagBag from /opt/airflow/dags/pets_json_to_table.py
[2026-01-31T07:17:11.315+0000] {processor.py:840} INFO - DAG(s) 'pets_json_to_table' retrieved from /opt/airflow/dags/pets_json_to_table.py
[2026-01-31T07:17:11.342+0000] {logging_mixin.py:188} INFO - [2026-01-31T07:17:11.342+0000] {dag.py:3089} INFO - Sync 1 DAGs
[2026-01-31T07:17:11.361+0000] {logging_mixin.py:188} INFO - [2026-01-31T07:17:11.360+0000] {dag.py:3947} INFO - Setting next_dagrun for pets_json_to_table to None, run_after=None
[2026-01-31T07:17:11.381+0000] {processor.py:183} INFO - Processing /opt/airflow/dags/pets_json_to_table.py took 0.095 seconds
[2026-01-31T07:17:13.384+0000] {processor.py:161} INFO - Started process (PID=127) to work on /opt/airflow/dags/pets_json_to_table.py
[2026-01-31T07:17:13.385+0000] {processor.py:830} INFO - Processing file /opt/airflow/dags/pets_json_to_table.py for tasks to queue
[2026-01-31T07:17:13.386+0000] {logging_mixin.py:188} INFO - [2026-01-31T07:17:13.386+0000] {dagbag.py:545} INFO - Filling up the DagBag from /opt/airflow/dags/pets_json_to_table.py
[2026-01-31T07:17:13.408+0000] {processor.py:840} INFO - DAG(s) 'pets_json_to_table' retrieved from /opt/airflow/dags/pets_json_to_table.py
[2026-01-31T07:17:13.435+0000] {logging_mixin.py:188} INFO - [2026-01-31T07:17:13.435+0000] {dag.py:3089} INFO - Sync 1 DAGs
[2026-01-31T07:17:13.453+0000] {logging_mixin.py:188} INFO - [2026-01-31T07:17:13.453+0000] {dag.py:3947} INFO - Setting next_dagrun for pets_json_to_table to None, run_after=None
[2026-01-31T07:17:13.472+0000] {processor.py:183} INFO - Processing /opt/airflow/dags/pets_json_to_table.py took 0.093 seconds
[2026-01-31T07:17:17.446+0000] {processor.py:161} INFO - Started process (PID=128) to work on /opt/airflow/dags/pets_json_to_table.py
[2026-01-31T07:17:17.447+0000] {processor.py:830} INFO - Processing file /opt/airflow/dags/pets_json_to_table.py for tasks to queue
[2026-01-31T07:17:17.449+0000] {logging_mixin.py:188} INFO - [2026-01-31T07:17:17.449+0000] {dagbag.py:545} INFO - Filling up the DagBag from /opt/airflow/dags/pets_json_to_table.py
[2026-01-31T07:17:17.472+0000] {processor.py:840} INFO - DAG(s) 'pets_json_to_table' retrieved from /opt/airflow/dags/pets_json_to_table.py
[2026-01-31T07:17:17.502+0000] {logging_mixin.py:188} INFO - [2026-01-31T07:17:17.502+0000] {dag.py:3089} INFO - Sync 1 DAGs
[2026-01-31T07:17:17.521+0000] {logging_mixin.py:188} INFO - [2026-01-31T07:17:17.521+0000] {dag.py:3947} INFO - Setting next_dagrun for pets_json_to_table to None, run_after=None
[2026-01-31T07:17:17.540+0000] {processor.py:183} INFO - Processing /opt/airflow/dags/pets_json_to_table.py took 0.101 seconds
[2026-01-31T07:17:25.563+0000] {processor.py:161} INFO - Started process (PID=129) to work on /opt/airflow/dags/pets_json_to_table.py
[2026-01-31T07:17:25.563+0000] {processor.py:830} INFO - Processing file /opt/airflow/dags/pets_json_to_table.py for tasks to queue
[2026-01-31T07:17:25.565+0000] {logging_mixin.py:188} INFO - [2026-01-31T07:17:25.565+0000] {dagbag.py:545} INFO - Filling up the DagBag from /opt/airflow/dags/pets_json_to_table.py
[2026-01-31T07:17:25.586+0000] {processor.py:840} INFO - DAG(s) 'pets_json_to_table' retrieved from /opt/airflow/dags/pets_json_to_table.py
[2026-01-31T07:17:25.685+0000] {logging_mixin.py:188} INFO - [2026-01-31T07:17:25.684+0000] {dag.py:3089} INFO - Sync 1 DAGs
[2026-01-31T07:17:25.704+0000] {logging_mixin.py:188} INFO - [2026-01-31T07:17:25.703+0000] {dag.py:3947} INFO - Setting next_dagrun for pets_json_to_table to None, run_after=None
[2026-01-31T07:17:25.722+0000] {processor.py:183} INFO - Processing /opt/airflow/dags/pets_json_to_table.py took 0.165 seconds
[2026-01-31T07:17:30.627+0000] {processor.py:161} INFO - Started process (PID=130) to work on /opt/airflow/dags/pets_json_to_table.py
[2026-01-31T07:17:30.628+0000] {processor.py:830} INFO - Processing file /opt/airflow/dags/pets_json_to_table.py for tasks to queue
[2026-01-31T07:17:30.630+0000] {logging_mixin.py:188} INFO - [2026-01-31T07:17:30.630+0000] {dagbag.py:545} INFO - Filling up the DagBag from /opt/airflow/dags/pets_json_to_table.py
[2026-01-31T07:17:30.651+0000] {processor.py:840} INFO - DAG(s) 'pets_json_to_table' retrieved from /opt/airflow/dags/pets_json_to_table.py
[2026-01-31T07:17:30.664+0000] {logging_mixin.py:188} INFO - [2026-01-31T07:17:30.664+0000] {dag.py:3089} INFO - Sync 1 DAGs
[2026-01-31T07:17:30.682+0000] {logging_mixin.py:188} INFO - [2026-01-31T07:17:30.682+0000] {dag.py:3947} INFO - Setting next_dagrun for pets_json_to_table to None, run_after=None
[2026-01-31T07:17:30.702+0000] {processor.py:183} INFO - Processing /opt/airflow/dags/pets_json_to_table.py took 0.080 seconds
[2026-01-31T07:17:31.735+0000] {processor.py:161} INFO - Started process (PID=131) to work on /opt/airflow/dags/pets_json_to_table.py
[2026-01-31T07:17:31.736+0000] {processor.py:830} INFO - Processing file /opt/airflow/dags/pets_json_to_table.py for tasks to queue
[2026-01-31T07:17:31.738+0000] {logging_mixin.py:188} INFO - [2026-01-31T07:17:31.738+0000] {dagbag.py:545} INFO - Filling up the DagBag from /opt/airflow/dags/pets_json_to_table.py
[2026-01-31T07:17:31.760+0000] {processor.py:840} INFO - DAG(s) 'pets_json_to_table' retrieved from /opt/airflow/dags/pets_json_to_table.py
[2026-01-31T07:17:31.772+0000] {logging_mixin.py:188} INFO - [2026-01-31T07:17:31.772+0000] {dag.py:3089} INFO - Sync 1 DAGs
[2026-01-31T07:17:31.790+0000] {logging_mixin.py:188} INFO - [2026-01-31T07:17:31.790+0000] {dag.py:3947} INFO - Setting next_dagrun for pets_json_to_table to None, run_after=None
[2026-01-31T07:17:31.810+0000] {processor.py:183} INFO - Processing /opt/airflow/dags/pets_json_to_table.py took 0.080 seconds
[2026-01-31T07:18:01.873+0000] {processor.py:161} INFO - Started process (PID=132) to work on /opt/airflow/dags/pets_json_to_table.py
[2026-01-31T07:18:01.874+0000] {processor.py:830} INFO - Processing file /opt/airflow/dags/pets_json_to_table.py for tasks to queue
[2026-01-31T07:18:01.876+0000] {logging_mixin.py:188} INFO - [2026-01-31T07:18:01.875+0000] {dagbag.py:545} INFO - Filling up the DagBag from /opt/airflow/dags/pets_json_to_table.py
[2026-01-31T07:18:01.890+0000] {processor.py:840} INFO - DAG(s) 'pets_json_to_table' retrieved from /opt/airflow/dags/pets_json_to_table.py
[2026-01-31T07:18:01.982+0000] {logging_mixin.py:188} INFO - [2026-01-31T07:18:01.982+0000] {dag.py:3089} INFO - Sync 1 DAGs
[2026-01-31T07:18:01.999+0000] {logging_mixin.py:188} INFO - [2026-01-31T07:18:01.999+0000] {dag.py:3947} INFO - Setting next_dagrun for pets_json_to_table to None, run_after=None
[2026-01-31T07:18:02.016+0000] {processor.py:183} INFO - Processing /opt/airflow/dags/pets_json_to_table.py took 0.148 seconds
[2026-01-31T07:18:32.072+0000] {processor.py:161} INFO - Started process (PID=133) to work on /opt/airflow/dags/pets_json_to_table.py
[2026-01-31T07:18:32.073+0000] {processor.py:830} INFO - Processing file /opt/airflow/dags/pets_json_to_table.py for tasks to queue
[2026-01-31T07:18:32.074+0000] {logging_mixin.py:188} INFO - [2026-01-31T07:18:32.074+0000] {dagbag.py:545} INFO - Filling up the DagBag from /opt/airflow/dags/pets_json_to_table.py
[2026-01-31T07:18:32.090+0000] {processor.py:840} INFO - DAG(s) 'pets_json_to_table' retrieved from /opt/airflow/dags/pets_json_to_table.py
[2026-01-31T07:18:32.116+0000] {logging_mixin.py:188} INFO - [2026-01-31T07:18:32.116+0000] {dag.py:3089} INFO - Sync 1 DAGs
[2026-01-31T07:18:32.133+0000] {logging_mixin.py:188} INFO - [2026-01-31T07:18:32.133+0000] {dag.py:3947} INFO - Setting next_dagrun for pets_json_to_table to None, run_after=None
[2026-01-31T07:18:32.149+0000] {processor.py:183} INFO - Processing /opt/airflow/dags/pets_json_to_table.py took 0.083 seconds
